<?xml version="1.0" encoding="UTF-8"?>
<testsuite name="HotelReservationServicesTest" tests="1" skipped="0" failures="0" errors="0" timestamp="2021-01-03T12:35:16" hostname="ASHWINI" time="0.002">
  <properties/>
  <testcase name="whenGivenHotel_WhenCalledAddHotel_ShouldBeAbleToAdd" classname="HotelReservationServicesTest" time="0.002"/>
  <system-out><![CDATA[]]></system-out>
  <system-err><![CDATA[]]></system-err>
</testsuite>
